<?xml version="1.0" encoding="UTF-8"?>
<!-- Generated by org.testng.reporters.JUnitReportReporter -->
<testsuite hostname="LAPTOP-MKM29HK5" failures="0" tests="1" name="com.bigsmall.runner.AddingItemtoCart" time="15.539" errors="0" timestamp="22 Nov 2021 04:22:00 GMT">
  <testcase classname="com.bigsmall.runner.AddingItemtoCart" name="addingItemtoCart" time="15.539"/>
</testsuite> <!-- com.bigsmall.runner.AddingItemtoCart -->
