<?xml version="1.0" encoding="UTF-8"?>
<!-- Generated by org.testng.reporters.JUnitReportReporter -->
<testsuite hostname="LAPTOP-MKM29HK5" failures="0" tests="1" name="com.bigsmall.runner.CorporateGiftsTest" time="8.243" errors="0" timestamp="22 Nov 2021 04:19:19 GMT">
  <testcase classname="com.bigsmall.runner.CorporateGiftsTest" name="CorporateGifts" time="8.243"/>
</testsuite> <!-- com.bigsmall.runner.CorporateGiftsTest -->
