<?xml version="1.0" encoding="UTF-8"?>
<!-- Generated by org.testng.reporters.JUnitReportReporter -->
<testsuite hostname="LAPTOP-MKM29HK5" failures="0" tests="1" name="com.bigsmall.runner.TestCases" time="7.911" errors="0" timestamp="17 Nov 2021 04:33:30 GMT" skipped="0">
  <testcase classname="com.bigsmall.runner.TestCases" name="CorporateGifts" time="7.911"/>
</testsuite> <!-- com.bigsmall.runner.TestCases -->
