<?xml version="1.0" encoding="UTF-8"?>
<!-- Generated by org.testng.reporters.JUnitReportReporter -->
<testsuite hostname="LAPTOP-MKM29HK5" failures="0" tests="1" name="com.bigsmall.runner.GiftCardTest" time="20.507" errors="0" timestamp="22 Nov 2021 04:19:19 GMT">
  <testcase classname="com.bigsmall.runner.GiftCardTest" name="giftCardTest" time="20.507"/>
</testsuite> <!-- com.bigsmall.runner.GiftCardTest -->
