<?xml version="1.0" encoding="UTF-8"?>
<!-- Generated by org.testng.reporters.JUnitReportReporter -->
<testsuite hostname="LAPTOP-MKM29HK5" failures="0" tests="2" name="com.bigsmall.runner.LoginTest" time="11.624" errors="0" timestamp="22 Nov 2021 04:19:19 GMT">
  <testcase classname="com.bigsmall.runner.LoginTest" name="signInTest" time="7.282"/>
  <testcase classname="com.bigsmall.runner.LoginTest" name="signInTest" time="4.342"/>
</testsuite> <!-- com.bigsmall.runner.LoginTest -->
